<?xml version="1.0" encoding="UTF-8"?>
<!-- Generated by org.testng.reporters.JUnitReportReporter -->
<testsuite hostname="SESHU" failures="0" tests="12" name="com.test.DDTTesting" time="21.542" errors="0" timestamp="2024-03-01T06:46:41 IST" skipped="0">
  <testcase classname="com.test.DDTTesting" name="testUpdateuser" time="1.597"/>
  <testcase classname="com.test.DDTTesting" name="testPostuser" time="1.539"/>
  <testcase classname="com.test.DDTTesting" name="testUpdateuser" time="1.674"/>
  <testcase classname="com.test.DDTTesting" name="testPostuser" time="4.280"/>
  <testcase classname="com.test.DDTTesting" name="testPostuser" time="1.536"/>
  <testcase classname="com.test.DDTTesting" name="testUpdateuser" time="1.576"/>
  <testcase classname="com.test.DDTTesting" name="testgetUserByName" time="1.538"/>
  <testcase classname="com.test.DDTTesting" name="testgetUserByName" time="1.532"/>
  <testcase classname="com.test.DDTTesting" name="testgetUserByName" time="1.538"/>
  <testcase classname="com.test.DDTTesting" name="testDeleteUserByName" time="1.739"/>
  <testcase classname="com.test.DDTTesting" name="testDeleteUserByName" time="1.534"/>
  <testcase classname="com.test.DDTTesting" name="testDeleteUserByName" time="1.459"/>
</testsuite> <!-- com.test.DDTTesting -->
