<?xml version="1.0" encoding="UTF-8"?>
<!-- Generated by org.testng.reporters.JUnitReportReporter -->
<testsuite hostname="SESHU" failures="0" tests="6" name="com.test.DDTTesting" time="11.719" errors="0" timestamp="2024-03-01T06:31:02 IST" skipped="0">
  <testcase classname="com.test.DDTTesting" name="testPostuser" time="3.677"/>
  <testcase classname="com.test.DDTTesting" name="testPostuser" time="1.656"/>
  <testcase classname="com.test.DDTTesting" name="testPostuser" time="1.519"/>
  <testcase classname="com.test.DDTTesting" name="testDeleteUserByName" time="1.714"/>
  <testcase classname="com.test.DDTTesting" name="testDeleteUserByName" time="1.610"/>
  <testcase classname="com.test.DDTTesting" name="testDeleteUserByName" time="1.543"/>
</testsuite> <!-- com.test.DDTTesting -->
