<?xml version="1.0" encoding="UTF-8"?>
<!-- Generated by org.testng.reporters.JUnitReportReporter -->
<testsuite hostname="SESHU" failures="0" tests="4" name="com.test.Testing" time="8.427" errors="0" timestamp="2024-03-02T06:14:53 IST" skipped="0">
  <testcase classname="com.test.Testing" name="Creating" time="3.751"/>
  <testcase classname="com.test.Testing" name="Getting" time="1.894"/>
  <testcase classname="com.test.Testing" name="update" time="1.186"/>
  <testcase classname="com.test.Testing" name="delete" time="1.596"/>
</testsuite> <!-- com.test.Testing -->
