<?xml version="1.0" encoding="UTF-8"?>
<!-- Generated by org.testng.reporters.JUnitReportReporter -->
<testsuite hostname="SESHU" failures="0" tests="4" name="com.test.Testing" time="9.150" errors="0" timestamp="2024-03-01T05:57:41 IST" skipped="0">
  <testcase classname="com.test.Testing" name="Creating" time="4.060"/>
  <testcase classname="com.test.Testing" name="Getting" time="1.854"/>
  <testcase classname="com.test.Testing" name="update" time="1.626"/>
  <testcase classname="com.test.Testing" name="delete" time="1.610"/>
</testsuite> <!-- com.test.Testing -->
