<?xml version="1.0" encoding="UTF-8"?>
<!-- Generated by org.testng.reporters.JUnitReportReporter -->
<testsuite hostname="SESHU" failures="0" tests="12" name="com.test.DDTTesting" time="20.244" errors="0" timestamp="2024-03-01T17:06:23 IST" skipped="0">
  <testcase classname="com.test.DDTTesting" name="testPostuser" time="4.244"/>
  <testcase classname="com.test.DDTTesting" name="testUpdateuser" time="1.439"/>
  <testcase classname="com.test.DDTTesting" name="testPostuser" time="1.260"/>
  <testcase classname="com.test.DDTTesting" name="testUpdateuser" time="1.354"/>
  <testcase classname="com.test.DDTTesting" name="testPostuser" time="1.363"/>
  <testcase classname="com.test.DDTTesting" name="testUpdateuser" time="1.383"/>
  <testcase classname="com.test.DDTTesting" name="testgetUserByName" time="2.447"/>
  <testcase classname="com.test.DDTTesting" name="testgetUserByName" time="1.362"/>
  <testcase classname="com.test.DDTTesting" name="testgetUserByName" time="1.382"/>
  <testcase classname="com.test.DDTTesting" name="testDeleteUserByName" time="1.354"/>
  <testcase classname="com.test.DDTTesting" name="testDeleteUserByName" time="1.392"/>
  <testcase classname="com.test.DDTTesting" name="testDeleteUserByName" time="1.264"/>
</testsuite> <!-- com.test.DDTTesting -->
